<?xml version="1.0" encoding="UTF-8"?>
<testsuite xmlns:xsi="http://www.w3.org/2001/XMLSchema-instance" xsi:noNamespaceSchemaLocation="https://maven.apache.org/surefire/maven-surefire-plugin/xsd/surefire-test-report.xsd" name="uvg.edu.CalculadoraADTTest" time="0.031" tests="4" errors="0" skipped="0" failures="0">
  <properties>
[...]
</properties>
  <testcase name="testEvaluateExpression" classname="uvg.edu.CalculadoraADTTest" time="0.008"/>
  <testcase name="testReadFromFile" classname="uvg.edu.CalculadoraADTTest" time="0"/>
  <testcase name="testReadFromFileIOException" classname="uvg.edu.CalculadoraADTTest" time="0.001"/>
  <testcase name="testEvaluateExpressionNoExpression" classname="uvg.edu.CalculadoraADTTest" time="0"/>
</testsuite>